<?xml version="1.0" encoding="UTF-8"?>
<!-- Generated by org.testng.reporters.JUnitXMLReporter -->
<testsuite ignored="0" hostname="Maayu" failures="0" tests="4" name="Default test" time="0.064" errors="0" timestamp="2023-05-05T14:23:18 EDT">
  <testcase classname="mavenprojects.newtestng.TestNGGrouping" name="test1" time="0.007"/>
  <testcase classname="mavenprojects.newtestng.TestNGGrouping" name="test2" time="0.0"/>
  <testcase classname="mavenprojects.newtestng.TestNGGrouping" name="test3" time="0.0"/>
  <testcase classname="mavenprojects.newtestng.TestNGGrouping" name="test4" time="0.001"/>
</testsuite> <!-- Default test -->
